<?xml version="1.0" encoding="UTF-8"?>
<testsuite name="com.iitmandi.scalableWebServer.ScalableWebServerApplicationTests" tests="1" skipped="0" failures="0" errors="0" timestamp="2022-11-15T12:42:59" hostname="Ashutoshs-MacBook-Air.local" time="0.164">
  <properties/>
  <testcase name="contextLoads()" classname="com.iitmandi.scalableWebServer.ScalableWebServerApplicationTests" time="0.164"/>
  <system-out><![CDATA[18:12:58.301 [Test worker] DEBUG org.springframework.test.context.BootstrapUtils - Instantiating CacheAwareContextLoaderDelegate from class [org.springframework.test.context.cache.DefaultCacheAwareContextLoaderDelegate]
18:12:58.306 [Test worker] DEBUG org.springframework.test.context.BootstrapUtils - Instantiating BootstrapContext using constructor [public org.springframework.test.context.support.DefaultBootstrapContext(java.lang.Class,org.springframework.test.context.CacheAwareContextLoaderDelegate)]
18:12:58.319 [Test worker] DEBUG org.springframework.test.context.BootstrapUtils - Instantiating TestContextBootstrapper for test class [com.iitmandi.scalableWebServer.ScalableWebServerApplicationTests] from class [org.springframework.boot.test.context.SpringBootTestContextBootstrapper]
18:12:58.323 [Test worker] INFO org.springframework.boot.test.context.SpringBootTestContextBootstrapper - Neither @ContextConfiguration nor @ContextHierarchy found for test class [com.iitmandi.scalableWebServer.ScalableWebServerApplicationTests], using SpringBootContextLoader
18:12:58.325 [Test worker] DEBUG org.springframework.test.context.support.AbstractContextLoader - Did not detect default resource location for test class [com.iitmandi.scalableWebServer.ScalableWebServerApplicationTests]: class path resource [com/iitmandi/scalableWebServer/ScalableWebServerApplicationTests-context.xml] does not exist
18:12:58.325 [Test worker] DEBUG org.springframework.test.context.support.AbstractContextLoader - Did not detect default resource location for test class [com.iitmandi.scalableWebServer.ScalableWebServerApplicationTests]: class path resource [com/iitmandi/scalableWebServer/ScalableWebServerApplicationTestsContext.groovy] does not exist
18:12:58.325 [Test worker] INFO org.springframework.test.context.support.AbstractContextLoader - Could not detect default resource locations for test class [com.iitmandi.scalableWebServer.ScalableWebServerApplicationTests]: no resource found for suffixes {-context.xml, Context.groovy}.
18:12:58.325 [Test worker] INFO org.springframework.test.context.support.AnnotationConfigContextLoaderUtils - Could not detect default configuration classes for test class [com.iitmandi.scalableWebServer.ScalableWebServerApplicationTests]: ScalableWebServerApplicationTests does not declare any static, non-private, non-final, nested classes annotated with @Configuration.
18:12:58.341 [Test worker] DEBUG org.springframework.test.context.support.ActiveProfilesUtils - Could not find an 'annotation declaring class' for annotation type [org.springframework.test.context.ActiveProfiles] and class [com.iitmandi.scalableWebServer.ScalableWebServerApplicationTests]
18:12:58.365 [Test worker] DEBUG org.springframework.context.annotation.ClassPathScanningCandidateComponentProvider - Identified candidate component class: file [/Users/ashu/Desktop/MTech/ACSP/Assignments/scalableWebServer/build/classes/java/main/com/iitmandi/scalableWebServer/ScalableWebServerApplication.class]
18:12:58.366 [Test worker] INFO org.springframework.boot.test.context.SpringBootTestContextBootstrapper - Found @SpringBootConfiguration com.iitmandi.scalableWebServer.ScalableWebServerApplication for test class com.iitmandi.scalableWebServer.ScalableWebServerApplicationTests
18:12:58.397 [Test worker] DEBUG org.springframework.boot.test.context.SpringBootTestContextBootstrapper - @TestExecutionListeners is not present for class [com.iitmandi.scalableWebServer.ScalableWebServerApplicationTests]: using defaults.
18:12:58.398 [Test worker] INFO org.springframework.boot.test.context.SpringBootTestContextBootstrapper - Loaded default TestExecutionListener class names from location [META-INF/spring.factories]: [org.springframework.boot.test.autoconfigure.restdocs.RestDocsTestExecutionListener, org.springframework.boot.test.autoconfigure.web.client.MockRestServiceServerResetTestExecutionListener, org.springframework.boot.test.autoconfigure.web.servlet.MockMvcPrintOnlyOnFailureTestExecutionListener, org.springframework.boot.test.autoconfigure.web.servlet.WebDriverTestExecutionListener, org.springframework.boot.test.autoconfigure.webservices.client.MockWebServiceServerTestExecutionListener, org.springframework.boot.test.mock.mockito.MockitoTestExecutionListener, org.springframework.boot.test.mock.mockito.ResetMocksTestExecutionListener, org.springframework.test.context.web.ServletTestExecutionListener, org.springframework.test.context.support.DirtiesContextBeforeModesTestExecutionListener, org.springframework.test.context.event.ApplicationEventsTestExecutionListener, org.springframework.test.context.support.DependencyInjectionTestExecutionListener, org.springframework.test.context.support.DirtiesContextTestExecutionListener, org.springframework.test.context.transaction.TransactionalTestExecutionListener, org.springframework.test.context.jdbc.SqlScriptsTestExecutionListener, org.springframework.test.context.event.EventPublishingTestExecutionListener]
18:12:58.404 [Test worker] INFO org.springframework.boot.test.context.SpringBootTestContextBootstrapper - Using TestExecutionListeners: [org.springframework.test.context.web.ServletTestExecutionListener@5f031ebd, org.springframework.test.context.support.DirtiesContextBeforeModesTestExecutionListener@4ee37ca3, org.springframework.test.context.event.ApplicationEventsTestExecutionListener@45c8d09f, org.springframework.boot.test.mock.mockito.MockitoTestExecutionListener@53812a9b, org.springframework.boot.test.autoconfigure.SpringBootDependencyInjectionTestExecutionListener@14b030a0, org.springframework.test.context.support.DirtiesContextTestExecutionListener@41e350f1, org.springframework.test.context.transaction.TransactionalTestExecutionListener@422c3c7a, org.springframework.test.context.jdbc.SqlScriptsTestExecutionListener@18230356, org.springframework.test.context.event.EventPublishingTestExecutionListener@d8305c2, org.springframework.boot.test.autoconfigure.restdocs.RestDocsTestExecutionListener@56bca85b, org.springframework.boot.test.autoconfigure.web.client.MockRestServiceServerResetTestExecutionListener@75d0911a, org.springframework.boot.test.autoconfigure.web.servlet.MockMvcPrintOnlyOnFailureTestExecutionListener@75e91545, org.springframework.boot.test.autoconfigure.web.servlet.WebDriverTestExecutionListener@60d1a32f, org.springframework.boot.test.autoconfigure.webservices.client.MockWebServiceServerTestExecutionListener@531c311e, org.springframework.boot.test.mock.mockito.ResetMocksTestExecutionListener@22b53226]
18:12:58.406 [Test worker] DEBUG org.springframework.test.context.support.AbstractDirtiesContextTestExecutionListener - Before test class: context [DefaultTestContext@4fbda97b testClass = ScalableWebServerApplicationTests, testInstance = [null], testMethod = [null], testException = [null], mergedContextConfiguration = [WebMergedContextConfiguration@75f5fd58 testClass = ScalableWebServerApplicationTests, locations = '{}', classes = '{class com.iitmandi.scalableWebServer.ScalableWebServerApplication}', contextInitializerClasses = '[]', activeProfiles = '{}', propertySourceLocations = '{}', propertySourceProperties = '{org.springframework.boot.test.context.SpringBootTestContextBootstrapper=true}', contextCustomizers = set[org.springframework.boot.test.autoconfigure.actuate.metrics.MetricsExportContextCustomizerFactory$DisableMetricExportContextCustomizer@436c81a3, org.springframework.boot.test.autoconfigure.properties.PropertyMappingContextCustomizer@0, org.springframework.boot.test.autoconfigure.web.servlet.WebDriverContextCustomizerFactory$Customizer@45a37759, org.springframework.boot.test.context.filter.ExcludeFilterContextCustomizer@1838ccb8, org.springframework.boot.test.json.DuplicateJsonObjectContextCustomizerFactory$DuplicateJsonObjectContextCustomizer@4b213651, org.springframework.boot.test.mock.mockito.MockitoContextCustomizer@0, org.springframework.boot.test.web.client.TestRestTemplateContextCustomizer@181e731e, org.springframework.boot.test.context.SpringBootTestArgs@1, org.springframework.boot.test.context.SpringBootTestWebEnvironment@69453e37], resourceBasePath = 'src/main/webapp', contextLoader = 'org.springframework.boot.test.context.SpringBootContextLoader', parent = [null]], attributes = map['org.springframework.test.context.web.ServletTestExecutionListener.activateListener' -> true]], class annotated with @DirtiesContext [false] with mode [null].

  .   ____          _            __ _ _
 /\\ / ___'_ __ _ _(_)_ __  __ _ \ \ \ \
( ( )\___ | '_ | '_| | '_ \/ _` | \ \ \ \
 \\/  ___)| |_)| | | | | || (_| |  ) ) ) )
  '  |____| .__|_| |_|_| |_\__, | / / / /
 =========|_|==============|___/=/_/_/_/
 :: Spring Boot ::                (v2.7.5)

2022-11-15 18:12:58.732  INFO 65337 --- [    Test worker] c.i.s.ScalableWebServerApplicationTests  : Starting ScalableWebServerApplicationTests using Java 17.0.4.1 on Ashutoshs-MacBook-Air.local with PID 65337 (started by ashu in /Users/ashu/Desktop/MTech/ACSP/Assignments/scalableWebServer)
2022-11-15 18:12:58.733  INFO 65337 --- [    Test worker] c.i.s.ScalableWebServerApplicationTests  : No active profile set, falling back to 1 default profile: "default"
2022-11-15 18:12:59.030  INFO 65337 --- [    Test worker] com.zaxxer.hikari.HikariDataSource       : dbPoolStudentDb - Starting...
2022-11-15 18:12:59.139  INFO 65337 --- [    Test worker] com.zaxxer.hikari.HikariDataSource       : dbPoolStudentDb - Start completed.
2022-11-15 18:12:59.436  INFO 65337 --- [    Test worker] c.i.s.ScalableWebServerApplicationTests  : Started ScalableWebServerApplicationTests in 1.015 seconds (JVM running for 1.439)
]]></system-out>
  <system-err><![CDATA[]]></system-err>
</testsuite>
